<?xml version="1.0" encoding="UTF-8"?>
<!-- Generated by org.testng.reporters.JUnitXMLReporter -->
<testsuite hostname="DESKTOP-TMBATB0" ignored="0" name="Test" tests="1" failures="1" timestamp="24 Jan 2020 07:31:18 GMT" time="44.076" errors="0">
  <testcase name="validateFirstTest" time="44.021" classname="firstTest.FirstTest">
    <failure type="java.lang.ArithmeticException" message="/ by zero">
      <![CDATA[java.lang.ArithmeticException: / by zeroat firstTest.FirstTest.validateFirstTest(FirstTest.java:28)... Removed 28 stack frames]]>
    </failure>
  </testcase> <!-- validateFirstTest -->
</testsuite> <!-- Test -->
