<?xml version="1.0" encoding="UTF-8"?>
<testng-results skipped="0" failed="0" ignored="0" total="2" passed="2">
  <reporter-output>
  </reporter-output>
  <suite name="All file Suite" duration-ms="61254" started-at="2020-01-23T05:14:37Z" finished-at="2020-01-23T05:15:39Z">
    <groups>
    </groups>
    <test name="All Test" duration-ms="61254" started-at="2020-01-23T05:14:37Z" finished-at="2020-01-23T05:15:39Z">
      <class name="secondTest.secondTest">
        <test-method status="PASS" signature="validateFirstTest()[pri:0, instance:secondTest.secondTest@327b636c]" name="validateFirstTest" duration-ms="19702" started-at="2020-01-23T10:44:37Z" finished-at="2020-01-23T10:44:57Z">
          <reporter-output>
          </reporter-output>
        </test-method> <!-- validateFirstTest -->
      </class> <!-- secondTest.secondTest -->
      <class name="firstTest.FirstTest">
        <test-method status="PASS" signature="validateFirstTest()[pri:0, instance:firstTest.FirstTest@3745e5c6]" name="validateFirstTest" duration-ms="41496" started-at="2020-01-23T10:44:57Z" finished-at="2020-01-23T10:45:39Z">
          <reporter-output>
          </reporter-output>
        </test-method> <!-- validateFirstTest -->
      </class> <!-- firstTest.FirstTest -->
    </test> <!-- All Test -->
  </suite> <!-- All file Suite -->
</testng-results>
